

*******************************************************************************
Mon Sep 22 16:11:47 2025


FIT:    data read from datafile using 1:3:(1/$1**h)
        format = x:z:s
        #datapoints = 4620
function used for fitting: f(x)
	f(x)=(a/(b+x))**c
fitted parameters initialized with current variable values

iter      chisq       delta/lim  lambda   a             b             c            
   0 1.2744797851e+07   0.00e+00  5.24e+01    1.000000e+03   1.000000e+00   1.000000e+00
  14 7.4237305991e+04  -3.83e-02  5.24e-06    6.577012e+03   1.094196e+02   1.137755e+00

After 14 iterations the fit converged.
final sum of squares of residuals : 74237.3
rel. change during last iteration : -3.8259e-07

degrees of freedom    (FIT_NDF)                        : 4617
rms of residuals      (FIT_STDFIT) = sqrt(WSSR/ndf)    : 4.00988
variance of residuals (reduced chisquare) = WSSR/ndf   : 16.0791
p-value of the Chisq distribution (FIT_P)              : 0

Final set of parameters            Asymptotic Standard Error
=======================            ==========================
a               = 6577.01          +/- 22.5         (0.3421%)
b               = 109.42           +/- 0.8938       (0.8169%)
c               = 1.13775          +/- 0.002418     (0.2125%)

correlation matrix of the fit parameters:
                a      b      c      
a               1.000 
b              -0.707  1.000 
c              -0.917  0.914  1.000 
