

*******************************************************************************
Mon Sep 22 16:10:23 2025


FIT:    data read from datafile using 1:3:(1/$1**h)
        format = x:z:s
        #datapoints = 3767
function used for fitting: f(x)
	f(x)=(a/(b+x))**c
fitted parameters initialized with current variable values

iter      chisq       delta/lim  lambda   a             b             c            
   0 6.2003858767e+07   0.00e+00  5.80e+01    1.000000e+03   1.000000e+00   1.000000e+00
  69 3.9149494537e+07  -3.46e-01  5.80e-04    6.416737e+03   7.111244e+02   1.875051e+00

After 69 iterations the fit converged.
final sum of squares of residuals : 3.91495e+07
rel. change during last iteration : -3.46216e-06

degrees of freedom    (FIT_NDF)                        : 3764
rms of residuals      (FIT_STDFIT) = sqrt(WSSR/ndf)    : 101.985
variance of residuals (reduced chisquare) = WSSR/ndf   : 10401
p-value of the Chisq distribution (FIT_P)              : 0

Final set of parameters            Asymptotic Standard Error
=======================            ==========================
a               = 6416.74          +/- 375.3        (5.849%)
b               = 711.124          +/- 155.8        (21.91%)
c               = 1.87505          +/- 0.2069       (11.04%)

correlation matrix of the fit parameters:
                a      b      c      
a               1.000 
b              -0.732  1.000 
c              -0.858  0.976  1.000 
