

*******************************************************************************
Mon Sep 22 16:10:18 2025


FIT:    data read from datafile using 1:3:(1/$1**h)
        format = x:z:s
        #datapoints = 572
function used for fitting: f(x)
	f(x)=(a/(b+x))**c
fitted parameters initialized with current variable values

iter      chisq       delta/lim  lambda   a             b             c            
   0 1.0566087165e+08   0.00e+00  1.49e+02    1.000000e+03   1.000000e+00   1.000000e+00
  32 7.2827131766e+05  -3.21e-02  1.49e-04    4.366919e+03   3.613834e+01   1.436775e+00

After 32 iterations the fit converged.
final sum of squares of residuals : 728271
rel. change during last iteration : -3.21472e-07

degrees of freedom    (FIT_NDF)                        : 569
rms of residuals      (FIT_STDFIT) = sqrt(WSSR/ndf)    : 35.7759
variance of residuals (reduced chisquare) = WSSR/ndf   : 1279.91
p-value of the Chisq distribution (FIT_P)              : 0

Final set of parameters            Asymptotic Standard Error
=======================            ==========================
a               = 4366.92          +/- 125.1        (2.866%)
b               = 36.1383          +/- 1.045        (2.89%)
c               = 1.43678          +/- 0.01525      (1.061%)

correlation matrix of the fit parameters:
                a      b      c      
a               1.000 
b              -0.889  1.000 
c              -0.986  0.949  1.000 
