

*******************************************************************************
Mon Sep 22 16:11:09 2025


FIT:    data read from datafile using 1:3:(1/$1**h)
        format = x:z:s
        #datapoints = 1155
function used for fitting: f(x)
	f(x)=(a/(b+x))**c
fitted parameters initialized with current variable values

iter      chisq       delta/lim  lambda   a             b             c            
   0 6.8382479909e+07   0.00e+00  1.05e+02    1.000000e+03   1.000000e+00   1.000000e+00
  20 1.4443998712e+06  -4.03e-01  1.05e-06    5.659769e+03   2.355732e+01   1.237951e+00

After 20 iterations the fit converged.
final sum of squares of residuals : 1.4444e+06
rel. change during last iteration : -4.03165e-06

degrees of freedom    (FIT_NDF)                        : 1152
rms of residuals      (FIT_STDFIT) = sqrt(WSSR/ndf)    : 35.4093
variance of residuals (reduced chisquare) = WSSR/ndf   : 1253.82
p-value of the Chisq distribution (FIT_P)              : 0

Final set of parameters            Asymptotic Standard Error
=======================            ==========================
a               = 5659.77          +/- 141.9        (2.506%)
b               = 23.5573          +/- 0.7132       (3.027%)
c               = 1.23795          +/- 0.01027      (0.8295%)

correlation matrix of the fit parameters:
                a      b      c      
a               1.000 
b              -0.817  1.000 
c              -0.976  0.913  1.000 
