

*******************************************************************************
Mon Sep 22 16:12:06 2025


FIT:    data read from datafile using 1:3:(1/$1**h)
        format = x:z:s
        #datapoints = 447
function used for fitting: f(x)
	f(x)=(a/(b+x))**c
fitted parameters initialized with current variable values

iter      chisq       delta/lim  lambda   a             b             c            
   0 1.2272373321e+08   0.00e+00  1.68e+02    1.000000e+03   1.000000e+00   1.000000e+00
 120 4.0515572572e+05  -2.48e-01  1.68e-03    2.137424e+03   8.476774e+01   2.093723e+00

After 120 iterations the fit converged.
final sum of squares of residuals : 405156
rel. change during last iteration : -2.48352e-06

degrees of freedom    (FIT_NDF)                        : 444
rms of residuals      (FIT_STDFIT) = sqrt(WSSR/ndf)    : 30.2078
variance of residuals (reduced chisquare) = WSSR/ndf   : 912.513
p-value of the Chisq distribution (FIT_P)              : 0

Final set of parameters            Asymptotic Standard Error
=======================            ==========================
a               = 2137.42          +/- 48.12        (2.251%)
b               = 84.7677          +/- 2.327        (2.745%)
c               = 2.09372          +/- 0.03019      (1.442%)

correlation matrix of the fit parameters:
                a      b      c      
a               1.000 
b              -0.927  1.000 
c              -0.985  0.977  1.000 
