

*******************************************************************************
Mon Sep 22 16:10:22 2025


FIT:    data read from datafile using 1:3:(1/$1**h)
        format = x:z:s
        #datapoints = 2158
function used for fitting: f(x)
	f(x)=(a/(b+x))**c
fitted parameters initialized with current variable values

iter      chisq       delta/lim  lambda   a             b             c            
   0 5.2507215695e+07   0.00e+00  7.66e+01    1.000000e+03   1.000000e+00   1.000000e+00
  21 1.3359960716e+06  -1.47e-01  7.66e-07    5.210363e+03   1.886581e+01   1.209259e+00

After 21 iterations the fit converged.
final sum of squares of residuals : 1.336e+06
rel. change during last iteration : -1.46839e-06

degrees of freedom    (FIT_NDF)                        : 2155
rms of residuals      (FIT_STDFIT) = sqrt(WSSR/ndf)    : 24.8988
variance of residuals (reduced chisquare) = WSSR/ndf   : 619.952
p-value of the Chisq distribution (FIT_P)              : 0

Final set of parameters            Asymptotic Standard Error
=======================            ==========================
a               = 5210.36          +/- 81           (1.555%)
b               = 18.8658          +/- 0.406        (2.152%)
c               = 1.20926          +/- 0.006248     (0.5167%)

correlation matrix of the fit parameters:
                a      b      c      
a               1.000 
b              -0.755  1.000 
c              -0.962  0.889  1.000 
