

*******************************************************************************
Mon Sep 22 16:12:00 2025


FIT:    data read from datafile using 1:3:(1/$1**h)
        format = x:z:s
        #datapoints = 3380
function used for fitting: f(x)
	f(x)=(a/(b+x))**c
fitted parameters initialized with current variable values

iter      chisq       delta/lim  lambda   a             b             c            
   0 6.8379343082e+07   0.00e+00  6.12e+01    1.000000e+03   1.000000e+00   1.000000e+00
 109 4.4034227287e+07  -5.46e-02  6.12e-05    5.794935e+03   1.314219e+03   2.753105e+00

After 109 iterations the fit converged.
final sum of squares of residuals : 4.40342e+07
rel. change during last iteration : -5.45701e-07

degrees of freedom    (FIT_NDF)                        : 3377
rms of residuals      (FIT_STDFIT) = sqrt(WSSR/ndf)    : 114.19
variance of residuals (reduced chisquare) = WSSR/ndf   : 13039.5
p-value of the Chisq distribution (FIT_P)              : 0

Final set of parameters            Asymptotic Standard Error
=======================            ==========================
a               = 5794.94          +/- 191.3        (3.301%)
b               = 1314.22          +/- 385.4        (29.32%)
c               = 2.75311          +/- 0.5098       (18.52%)

correlation matrix of the fit parameters:
                a      b      c      
a               1.000 
b               0.147  1.000 
c              -0.002  0.988  1.000 
