

*******************************************************************************
Mon Sep 22 16:10:15 2025


FIT:    data read from datafile using 1:3:(1/$1**h)
        format = x:z:s
        #datapoints = 726
function used for fitting: f(x)
	f(x)=(a/(b+x))**c
fitted parameters initialized with current variable values

iter      chisq       delta/lim  lambda   a             b             c            
   0 7.2717721387e+07   0.00e+00  1.32e+02    1.000000e+03   1.000000e+00   1.000000e+00
  46 1.2866556749e+05  -3.07e-03  1.32e-03    5.361152e+03   4.994895e+01   1.366788e+00

After 46 iterations the fit converged.
final sum of squares of residuals : 128666
rel. change during last iteration : -3.07081e-08

degrees of freedom    (FIT_NDF)                        : 723
rms of residuals      (FIT_STDFIT) = sqrt(WSSR/ndf)    : 13.3402
variance of residuals (reduced chisquare) = WSSR/ndf   : 177.961
p-value of the Chisq distribution (FIT_P)              : 0

Final set of parameters            Asymptotic Standard Error
=======================            ==========================
a               = 5361.15          +/- 67.75        (1.264%)
b               = 49.949           +/- 0.6826       (1.367%)
c               = 1.36679          +/- 0.00675      (0.4939%)

correlation matrix of the fit parameters:
                a      b      c      
a               1.000 
b              -0.889  1.000 
c              -0.985  0.950  1.000 
