

*******************************************************************************
Mon Sep 22 16:10:12 2025


FIT:    data read from datafile using 1:3:(1/$1**h)
        format = x:z:s
        #datapoints = 22
function used for fitting: f(x)
	f(x)=(a/(b+x))**c
fitted parameters initialized with current variable values

iter      chisq       delta/lim  lambda   a             b             c            
   0 8.9028104739e+09   0.00e+00  7.16e+02    1.000000e+03   1.000000e+00   1.000000e+00
1615 4.9447889463e+08  -1.00e+00  7.16e+01    1.786520e+02   1.391293e+02   4.467897e+01

After 1615 iterations the fit converged.
final sum of squares of residuals : 4.94479e+08
rel. change during last iteration : -9.9981e-06

degrees of freedom    (FIT_NDF)                        : 19
rms of residuals      (FIT_STDFIT) = sqrt(WSSR/ndf)    : 5101.49
variance of residuals (reduced chisquare) = WSSR/ndf   : 2.60252e+07
p-value of the Chisq distribution (FIT_P)              : 0

Final set of parameters            Asymptotic Standard Error
=======================            ==========================
a               = 178.652          +/- 1100         (615.8%)
b               = 139.129          +/- 1173         (843.4%)
c               = 44.679           +/- 346          (774.4%)

correlation matrix of the fit parameters:
                a      b      c      
a               1.000 
b               1.000  1.000 
c               1.000  1.000  1.000 
