

*******************************************************************************
Mon Sep 22 16:11:48 2025


FIT:    data read from datafile using 1:3:(1/$1**h)
        format = x:z:s
        #datapoints = 19
function used for fitting: f(x)
	f(x)=(a/(b+x))**c
fitted parameters initialized with current variable values

iter      chisq       delta/lim  lambda   a             b             c            
   0 8.2642066471e+09   0.00e+00  7.63e+02    1.000000e+03   1.000000e+00   1.000000e+00
 250 7.6677259920e+08  -2.56e-01  7.63e+02    4.720824e+02   5.310724e+00   2.480670e+00

After 250 iterations the fit converged.
final sum of squares of residuals : 7.66773e+08
rel. change during last iteration : -2.56425e-06

degrees of freedom    (FIT_NDF)                        : 16
rms of residuals      (FIT_STDFIT) = sqrt(WSSR/ndf)    : 6922.66
variance of residuals (reduced chisquare) = WSSR/ndf   : 4.79233e+07
p-value of the Chisq distribution (FIT_P)              : 0

Final set of parameters            Asymptotic Standard Error
=======================            ==========================
a               = 472.082          +/- 910.4        (192.8%)
b               = 5.31072          +/- 6.422        (120.9%)
c               = 2.48067          +/- 1.659        (66.87%)

correlation matrix of the fit parameters:
                a      b      c      
a               1.000 
b              -0.972  1.000 
c              -0.997  0.986  1.000 
