

*******************************************************************************
Mon Sep 22 16:11:58 2025


FIT:    data read from datafile using 1:3:(1/$1**h)
        format = x:z:s
        #datapoints = 1835
function used for fitting: f(x)
	f(x)=(a/(b+x))**c
fitted parameters initialized with current variable values

iter      chisq       delta/lim  lambda   a             b             c            
   0 6.0143443367e+07   0.00e+00  8.30e+01    1.000000e+03   1.000000e+00   1.000000e+00
  21 5.4040048777e+05  -8.82e-01  8.30e-05    3.313389e+03   3.910203e+01   1.489308e+00

After 21 iterations the fit converged.
final sum of squares of residuals : 540400
rel. change during last iteration : -8.8199e-06

degrees of freedom    (FIT_NDF)                        : 1832
rms of residuals      (FIT_STDFIT) = sqrt(WSSR/ndf)    : 17.1749
variance of residuals (reduced chisquare) = WSSR/ndf   : 294.978
p-value of the Chisq distribution (FIT_P)              : 0

Final set of parameters            Asymptotic Standard Error
=======================            ==========================
a               = 3313.39          +/- 35.25        (1.064%)
b               = 39.102           +/- 0.5455       (1.395%)
c               = 1.48931          +/- 0.006966     (0.4678%)

correlation matrix of the fit parameters:
                a      b      c      
a               1.000 
b              -0.806  1.000 
c              -0.965  0.925  1.000 
