

*******************************************************************************
Mon Sep 22 16:10:11 2025


FIT:    data read from datafile using 1:3:(1/$1**h)
        format = x:z:s
        #datapoints = 4873
function used for fitting: f(x)
	f(x)=(a/(b+x))**c
fitted parameters initialized with current variable values

iter      chisq       delta/lim  lambda   a             b             c            
   0 1.2852869039e+07   0.00e+00  5.10e+01    1.000000e+03   1.000000e+00   1.000000e+00
  14 1.0093142544e+05  -4.31e-01  5.10e-07    7.161760e+03   9.312394e+01   1.082658e+00

After 14 iterations the fit converged.
final sum of squares of residuals : 100931
rel. change during last iteration : -4.31296e-06

degrees of freedom    (FIT_NDF)                        : 4870
rms of residuals      (FIT_STDFIT) = sqrt(WSSR/ndf)    : 4.55249
variance of residuals (reduced chisquare) = WSSR/ndf   : 20.7251
p-value of the Chisq distribution (FIT_P)              : 0

Final set of parameters            Asymptotic Standard Error
=======================            ==========================
a               = 7161.76          +/- 27.81        (0.3883%)
b               = 93.1239          +/- 0.8726       (0.937%)
c               = 1.08266          +/- 0.002422     (0.2237%)

correlation matrix of the fit parameters:
                a      b      c      
a               1.000 
b              -0.699  1.000 
c              -0.918  0.905  1.000 
