

*******************************************************************************
Mon Sep 22 16:11:49 2025


FIT:    data read from datafile using 1:3:(1/$1**h)
        format = x:z:s
        #datapoints = 439
function used for fitting: f(x)
	f(x)=(a/(b+x))**c
fitted parameters initialized with current variable values

iter      chisq       delta/lim  lambda   a             b             c            
   0 7.4468577845e+08   0.00e+00  1.69e+02    1.000000e+03   1.000000e+00   1.000000e+00
 225 4.0686682094e+08  -9.90e-01  1.69e+01    8.701832e+02   7.287223e+01   3.139755e+00

After 225 iterations the fit converged.
final sum of squares of residuals : 4.06867e+08
rel. change during last iteration : -9.90033e-06

degrees of freedom    (FIT_NDF)                        : 436
rms of residuals      (FIT_STDFIT) = sqrt(WSSR/ndf)    : 966.013
variance of residuals (reduced chisquare) = WSSR/ndf   : 933181
p-value of the Chisq distribution (FIT_P)              : 0

Final set of parameters            Asymptotic Standard Error
=======================            ==========================
a               = 870.183          +/- 301.6        (34.66%)
b               = 72.8722          +/- 39.29        (53.92%)
c               = 3.13976          +/- 1.063        (33.87%)

correlation matrix of the fit parameters:
                a      b      c      
a               1.000 
b              -0.922  1.000 
c              -0.976  0.983  1.000 
