

*******************************************************************************
Mon Sep 22 16:13:42 2025


FIT:    data read from datafile using 1:3:(1/$1**h)
        format = x:z:s
        #datapoints = 24
function used for fitting: f(x)
	f(x)=(a/(b+x))**c
fitted parameters initialized with current variable values

iter      chisq       delta/lim  lambda   a             b             c            
   0 1.3576347107e+09   0.00e+00  6.89e+02    1.000000e+03   1.000000e+00   1.000000e+00
1883 5.0825828169e+07  -1.00e+00  6.89e+01    1.328911e+02   9.836156e+01   3.431540e+01

After 1883 iterations the fit converged.
final sum of squares of residuals : 5.08258e+07
rel. change during last iteration : -9.99776e-06

degrees of freedom    (FIT_NDF)                        : 21
rms of residuals      (FIT_STDFIT) = sqrt(WSSR/ndf)    : 1555.72
variance of residuals (reduced chisquare) = WSSR/ndf   : 2.42028e+06
p-value of the Chisq distribution (FIT_P)              : 0

Final set of parameters            Asymptotic Standard Error
=======================            ==========================
a               = 132.891          +/- 440.4        (331.4%)
b               = 98.3616          +/- 470.8        (478.7%)
c               = 34.3154          +/- 151          (440.1%)

correlation matrix of the fit parameters:
                a      b      c      
a               1.000 
b               1.000  1.000 
c               1.000  1.000  1.000 
