

*******************************************************************************
Mon Sep 22 16:15:14 2025


FIT:    data read from datafile using 1:3:(1/$1**h)
        format = x:z:s
        #datapoints = 1154
function used for fitting: f(x)
	f(x)=(a/(b+x))**c
fitted parameters initialized with current variable values

iter      chisq       delta/lim  lambda   a             b             c            
   0 6.3487526319e+06   0.00e+00  1.05e+02    1.000000e+03   1.000000e+00   1.000000e+00
  14 1.8171498892e+05  -1.65e-01  1.05e-06    2.306694e+03   2.437184e+01   1.290220e+00

After 14 iterations the fit converged.
final sum of squares of residuals : 181715
rel. change during last iteration : -1.65472e-06

degrees of freedom    (FIT_NDF)                        : 1151
rms of residuals      (FIT_STDFIT) = sqrt(WSSR/ndf)    : 12.5649
variance of residuals (reduced chisquare) = WSSR/ndf   : 157.876
p-value of the Chisq distribution (FIT_P)              : 0

Final set of parameters            Asymptotic Standard Error
=======================            ==========================
a               = 2306.69          +/- 39.31        (1.704%)
b               = 24.3718          +/- 0.6622       (2.717%)
c               = 1.29022          +/- 0.01008      (0.7812%)

correlation matrix of the fit parameters:
                a      b      c      
a               1.000 
b              -0.775  1.000 
c              -0.955  0.916  1.000 
