

*******************************************************************************
Mon Sep 22 16:13:47 2025


FIT:    data read from datafile using 1:3:(1/$1**h)
        format = x:z:s
        #datapoints = 1221
function used for fitting: f(x)
	f(x)=(a/(b+x))**c
fitted parameters initialized with current variable values

iter      chisq       delta/lim  lambda   a             b             c            
   0 6.1583009274e+06   0.00e+00  1.02e+02    1.000000e+03   1.000000e+00   1.000000e+00
  12 1.2556636120e+05  -5.07e-01  1.02e-04    2.286306e+03   2.324390e+01   1.284009e+00

After 12 iterations the fit converged.
final sum of squares of residuals : 125566
rel. change during last iteration : -5.07362e-06

degrees of freedom    (FIT_NDF)                        : 1218
rms of residuals      (FIT_STDFIT) = sqrt(WSSR/ndf)    : 10.1534
variance of residuals (reduced chisquare) = WSSR/ndf   : 103.092
p-value of the Chisq distribution (FIT_P)              : 0

Final set of parameters            Asymptotic Standard Error
=======================            ==========================
a               = 2286.31          +/- 30.98        (1.355%)
b               = 23.2439          +/- 0.5073       (2.182%)
c               = 1.28401          +/- 0.007911     (0.6161%)

correlation matrix of the fit parameters:
                a      b      c      
a               1.000 
b              -0.767  1.000 
c              -0.953  0.913  1.000 
