

*******************************************************************************
Mon Sep 22 16:15:08 2025


FIT:    data read from datafile using 1:3:(1/$1**h)
        format = x:z:s
        #datapoints = 16
function used for fitting: f(x)
	f(x)=(a/(b+x))**c
fitted parameters initialized with current variable values

iter      chisq       delta/lim  lambda   a             b             c            
   0 1.1822284770e+09   0.00e+00  8.22e+02    1.000000e+03   1.000000e+00   1.000000e+00
2864 4.6307376113e+07  -1.00e+00  8.22e+01    1.767590e+02   1.256968e+02   2.904797e+01

After 2864 iterations the fit converged.
final sum of squares of residuals : 4.63074e+07
rel. change during last iteration : -9.9952e-06

degrees of freedom    (FIT_NDF)                        : 13
rms of residuals      (FIT_STDFIT) = sqrt(WSSR/ndf)    : 1887.35
variance of residuals (reduced chisquare) = WSSR/ndf   : 3.56211e+06
p-value of the Chisq distribution (FIT_P)              : 0

Final set of parameters            Asymptotic Standard Error
=======================            ==========================
a               = 176.759          +/- 807.4        (456.8%)
b               = 125.697          +/- 871.1        (693%)
c               = 29.048           +/- 185.8        (639.5%)

correlation matrix of the fit parameters:
                a      b      c      
a               1.000 
b               1.000  1.000 
c               1.000  1.000  1.000 
