

*******************************************************************************
Mon Sep 22 16:13:41 2025


FIT:    data read from datafile using 1:3:(1/$1**h)
        format = x:z:s
        #datapoints = 2374
function used for fitting: f(x)
	f(x)=(a/(b+x))**c
fitted parameters initialized with current variable values

iter      chisq       delta/lim  lambda   a             b             c            
   0 1.7318736928e+06   0.00e+00  7.30e+01    1.000000e+03   1.000000e+00   1.000000e+00
   9 3.0278271775e+04  -7.10e-01  7.30e-07    3.663720e+03   4.394389e+01   9.712713e-01

After 9 iterations the fit converged.
final sum of squares of residuals : 30278.3
rel. change during last iteration : -7.10277e-06

degrees of freedom    (FIT_NDF)                        : 2371
rms of residuals      (FIT_STDFIT) = sqrt(WSSR/ndf)    : 3.57355
variance of residuals (reduced chisquare) = WSSR/ndf   : 12.7703
p-value of the Chisq distribution (FIT_P)              : 0

Final set of parameters            Asymptotic Standard Error
=======================            ==========================
a               = 3663.72          +/- 24.93        (0.6804%)
b               = 43.9439          +/- 0.8363       (1.903%)
c               = 0.971271         +/- 0.00397      (0.4088%)

correlation matrix of the fit parameters:
                a      b      c      
a               1.000 
b              -0.684  1.000 
c              -0.909  0.900  1.000 
