

*******************************************************************************
Mon Sep 22 16:17:55 2025


FIT:    data read from datafile using 1:3:(1/$1**h)
        format = x:z:s
        #datapoints = 18
function used for fitting: f(x)
	f(x)=(a/(b+x))**c
fitted parameters initialized with current variable values

iter      chisq       delta/lim  lambda   a             b             c            
   0 1.8215185533e+09   0.00e+00  7.82e+02    1.000000e+03   1.000000e+00   1.000000e+00
 193 1.0292955166e+08  -9.56e-01  7.82e+02   -3.624518e+02   1.471447e+01   4.495099e+00

After 193 iterations the fit converged.
final sum of squares of residuals : 1.0293e+08
rel. change during last iteration : -9.55967e-06

degrees of freedom    (FIT_NDF)                        : 15
rms of residuals      (FIT_STDFIT) = sqrt(WSSR/ndf)    : 2619.54
variance of residuals (reduced chisquare) = WSSR/ndf   : 6.86197e+06
p-value of the Chisq distribution (FIT_P)              : 0

Final set of parameters            Asymptotic Standard Error
=======================            ==========================
a               = -362.452         +/- 8.651e+05    (2.387e+05%)
b               = 14.7145          +/- 19.5         (132.5%)
c               = 4.4951           +/- 52.72        (1173%)

correlation matrix of the fit parameters:
                a      b      c      
a               1.000 
b              -0.996  1.000 
c              -1.000  0.996  1.000 
