

*******************************************************************************
Mon Sep 22 16:18:03 2025


FIT:    data read from datafile using 1:3:(1/$1**h)
        format = x:z:s
        #datapoints = 1452
function used for fitting: f(x)
	f(x)=(a/(b+x))**c
fitted parameters initialized with current variable values

iter      chisq       delta/lim  lambda   a             b             c            
   0 1.0740869680e+07   0.00e+00  9.33e+01    1.000000e+03   1.000000e+00   1.000000e+00
  16 1.5850596516e+05  -7.57e-02  9.33e-06    2.534824e+03   3.619751e+01   1.375663e+00

After 16 iterations the fit converged.
final sum of squares of residuals : 158506
rel. change during last iteration : -7.56671e-07

degrees of freedom    (FIT_NDF)                        : 1449
rms of residuals      (FIT_STDFIT) = sqrt(WSSR/ndf)    : 10.459
variance of residuals (reduced chisquare) = WSSR/ndf   : 109.39
p-value of the Chisq distribution (FIT_P)              : 0

Final set of parameters            Asymptotic Standard Error
=======================            ==========================
a               = 2534.82          +/- 29.19        (1.152%)
b               = 36.1975          +/- 0.6661       (1.84%)
c               = 1.37566          +/- 0.007932     (0.5766%)

correlation matrix of the fit parameters:
                a      b      c      
a               1.000 
b              -0.781  1.000 
c              -0.953  0.924  1.000 
