

*******************************************************************************
Mon Sep 22 16:16:40 2025


FIT:    data read from datafile using 1:3:(1/$1**h)
        format = x:z:s
        #datapoints = 1672
function used for fitting: f(x)
	f(x)=(a/(b+x))**c
fitted parameters initialized with current variable values

iter      chisq       delta/lim  lambda   a             b             c            
   0 9.7210361500e+06   0.00e+00  8.69e+01    1.000000e+03   1.000000e+00   1.000000e+00
  15 2.1081362060e+05  -6.04e-01  8.69e-06    2.764508e+03   4.466051e+01   1.360695e+00

After 15 iterations the fit converged.
final sum of squares of residuals : 210814
rel. change during last iteration : -6.04417e-06

degrees of freedom    (FIT_NDF)                        : 1669
rms of residuals      (FIT_STDFIT) = sqrt(WSSR/ndf)    : 11.2388
variance of residuals (reduced chisquare) = WSSR/ndf   : 126.311
p-value of the Chisq distribution (FIT_P)              : 0

Final set of parameters            Asymptotic Standard Error
=======================            ==========================
a               = 2764.51          +/- 34.19        (1.237%)
b               = 44.6605          +/- 0.9433       (2.112%)
c               = 1.36069          +/- 0.008986     (0.6604%)

correlation matrix of the fit parameters:
                a      b      c      
a               1.000 
b              -0.773  1.000 
c              -0.948  0.925  1.000 
