

*******************************************************************************
Mon Sep 22 16:17:55 2025


FIT:    data read from datafile using 1:3:(1/$1**h)
        format = x:z:s
        #datapoints = 2907
function used for fitting: f(x)
	f(x)=(a/(b+x))**c
fitted parameters initialized with current variable values

iter      chisq       delta/lim  lambda   a             b             c            
   0 3.5407765161e+06   0.00e+00  6.60e+01    1.000000e+03   1.000000e+00   1.000000e+00
   8 2.4877598404e+04  -2.60e-03  6.60e-06    4.223222e+03   8.119808e+01   1.086432e+00

After 8 iterations the fit converged.
final sum of squares of residuals : 24877.6
rel. change during last iteration : -2.59713e-08

degrees of freedom    (FIT_NDF)                        : 2904
rms of residuals      (FIT_STDFIT) = sqrt(WSSR/ndf)    : 2.92689
variance of residuals (reduced chisquare) = WSSR/ndf   : 8.56667
p-value of the Chisq distribution (FIT_P)              : 0

Final set of parameters            Asymptotic Standard Error
=======================            ==========================
a               = 4223.22          +/- 17.7         (0.4192%)
b               = 81.1981          +/- 0.9052       (1.115%)
c               = 1.08643          +/- 0.003129     (0.288%)

correlation matrix of the fit parameters:
                a      b      c      
a               1.000 
b              -0.701  1.000 
c              -0.908  0.918  1.000 
