

*******************************************************************************
Mon Sep 22 15:33:13 2025


FIT:    data read from datafile using 1:3:(1/$1**h)
        format = x:z:s
        #datapoints = 7651
function used for fitting: f(x)
	f(x)=(a/(b+x))**c
fitted parameters initialized with current variable values

iter      chisq       delta/lim  lambda   a             b             c            
   0 6.9618700747e+07   0.00e+00  4.07e+01    1.000000e+03   1.000000e+00   1.000000e+00
  13 6.8363885318e+05  -2.84e-03  4.07e-04    4.226582e+03  -5.345567e-01   9.765254e-01

After 13 iterations the fit converged.
final sum of squares of residuals : 683639
rel. change during last iteration : -2.83603e-08

degrees of freedom    (FIT_NDF)                        : 7648
rms of residuals      (FIT_STDFIT) = sqrt(WSSR/ndf)    : 9.45452
variance of residuals (reduced chisquare) = WSSR/ndf   : 89.3879
p-value of the Chisq distribution (FIT_P)              : 0

Final set of parameters            Asymptotic Standard Error
=======================            ==========================
a               = 4226.58          +/- 23.14        (0.5475%)
b               = -0.534557        +/- 0.00206      (0.3853%)
c               = 0.976525         +/- 0.0009374    (0.096%)

correlation matrix of the fit parameters:
                a      b      c      
a               1.000 
b              -0.642  1.000 
c              -0.940  0.845  1.000 
