

*******************************************************************************
Mon Sep 22 15:33:14 2025


FIT:    data read from datafile using 1:3:(1/$1**h)
        format = x:z:s
        #datapoints = 3026
function used for fitting: f(x)
	f(x)=(a/(b+x))**c
fitted parameters initialized with current variable values

iter      chisq       delta/lim  lambda   a             b             c            
   0 9.6365447407e+08   0.00e+00  6.47e+01    1.000000e+03   1.000000e+00   1.000000e+00
 185 2.2663531864e+07  -1.02e-01  6.47e-02    3.863170e+02   8.093170e+00   2.545859e+00

After 185 iterations the fit converged.
final sum of squares of residuals : 2.26635e+07
rel. change during last iteration : -1.01972e-06

degrees of freedom    (FIT_NDF)                        : 3023
rms of residuals      (FIT_STDFIT) = sqrt(WSSR/ndf)    : 86.5854
variance of residuals (reduced chisquare) = WSSR/ndf   : 7497.03
p-value of the Chisq distribution (FIT_P)              : 0

Final set of parameters            Asymptotic Standard Error
=======================            ==========================
a               = 386.317          +/- 11.64        (3.012%)
b               = 8.09317          +/- 0.2046       (2.528%)
c               = 2.54586          +/- 0.03433      (1.349%)

correlation matrix of the fit parameters:
                a      b      c      
a               1.000 
b              -0.931  1.000 
c              -0.991  0.972  1.000 
