

*******************************************************************************
Wed Oct 29 11:46:01 2025


FIT:    data read from datafile using 1:3:(1/$1**h)
        format = x:z:s
        #datapoints = 23
function used for fitting: f(x)
	f(x)=(a/(b+x))**c
fitted parameters initialized with current variable values

iter      chisq       delta/lim  lambda   a             b             c            
   0 8.1918477336e+09   0.00e+00  7.02e+02    1.000000e+03   1.000000e+00   1.000000e+00
1931 3.0067835717e+08  -1.00e+00  7.02e+01    2.683244e+02   2.202679e+02   5.539742e+01

After 1931 iterations the fit converged.
final sum of squares of residuals : 3.00678e+08
rel. change during last iteration : -9.99515e-06

degrees of freedom    (FIT_NDF)                        : 20
rms of residuals      (FIT_STDFIT) = sqrt(WSSR/ndf)    : 3877.36
variance of residuals (reduced chisquare) = WSSR/ndf   : 1.50339e+07
p-value of the Chisq distribution (FIT_P)              : 0

Final set of parameters            Asymptotic Standard Error
=======================            ==========================
a               = 268.324          +/- 1771         (660%)
b               = 220.268          +/- 1889         (857.8%)
c               = 55.3974          +/- 434.7        (784.7%)

correlation matrix of the fit parameters:
                a      b      c      
a               1.000 
b               1.000  1.000 
c               1.000  1.000  1.000 
