

*******************************************************************************
Mon Sep 22 15:33:13 2025


FIT:    data read from datafile using 1:3:(1/$1**h)
        format = x:z:s
        #datapoints = 2163
function used for fitting: f(x)
	f(x)=(a/(b+x))**c
fitted parameters initialized with current variable values

iter      chisq       delta/lim  lambda   a             b             c            
   0 3.9451116880e+09   0.00e+00  7.65e+01    1.000000e+03   1.000000e+00   1.000000e+00
  69 1.8904080902e+07  -2.42e-02  7.65e-01    1.447936e+03  -6.834446e-01   1.308145e+00

After 69 iterations the fit converged.
final sum of squares of residuals : 1.89041e+07
rel. change during last iteration : -2.41685e-07

degrees of freedom    (FIT_NDF)                        : 2160
rms of residuals      (FIT_STDFIT) = sqrt(WSSR/ndf)    : 93.5515
variance of residuals (reduced chisquare) = WSSR/ndf   : 8751.89
p-value of the Chisq distribution (FIT_P)              : 0

Final set of parameters            Asymptotic Standard Error
=======================            ==========================
a               = 1447.94          +/- 55.55        (3.837%)
b               = -0.683445        +/- 0.005343     (0.7818%)
c               = 1.30815          +/- 0.008319     (0.6359%)

correlation matrix of the fit parameters:
                a      b      c      
a               1.000 
b              -0.885  1.000 
c              -0.990  0.942  1.000 
