

*******************************************************************************
Mon Sep 22 15:33:16 2025


FIT:    data read from datafile using 1:3:(1/$1**h)
        format = x:z:s
        #datapoints = 9290
function used for fitting: f(x)
	f(x)=(a/(b+x))**c
fitted parameters initialized with current variable values

iter      chisq       delta/lim  lambda   a             b             c            
   0 2.4012109379e+07   0.00e+00  3.70e+01    1.000000e+03   1.000000e+00   1.000000e+00
   5 5.0577772511e+05  -1.24e-01  3.70e-04    4.529501e+03   2.461421e+00   1.036335e+00

After 5 iterations the fit converged.
final sum of squares of residuals : 505778
rel. change during last iteration : -1.23602e-06

degrees of freedom    (FIT_NDF)                        : 9287
rms of residuals      (FIT_STDFIT) = sqrt(WSSR/ndf)    : 7.37976
variance of residuals (reduced chisquare) = WSSR/ndf   : 54.4608
p-value of the Chisq distribution (FIT_P)              : 0

Final set of parameters            Asymptotic Standard Error
=======================            ==========================
a               = 4529.5           +/- 19.61        (0.433%)
b               = 2.46142          +/- 0.02164      (0.8793%)
c               = 1.03633          +/- 0.00112      (0.1081%)

correlation matrix of the fit parameters:
                a      b      c      
a               1.000 
b              -0.574  1.000 
c              -0.926  0.795  1.000 
