

*******************************************************************************
Mon Sep 22 15:33:18 2025


FIT:    data read from datafile using 1:3:(1/$1**h)
        format = x:z:s
        #datapoints = 3460
function used for fitting: f(x)
	f(x)=(a/(b+x))**c
fitted parameters initialized with current variable values

iter      chisq       delta/lim  lambda   a             b             c            
   0 7.3926609497e+06   0.00e+00  6.05e+01    1.000000e+03   1.000000e+00   1.000000e+00
   8 1.8870677058e+05  -7.01e-04  6.05e-03    1.996007e+03  -6.313768e-01   9.298040e-01

After 8 iterations the fit converged.
final sum of squares of residuals : 188707
rel. change during last iteration : -7.01449e-09

degrees of freedom    (FIT_NDF)                        : 3457
rms of residuals      (FIT_STDFIT) = sqrt(WSSR/ndf)    : 7.38829
variance of residuals (reduced chisquare) = WSSR/ndf   : 54.5869
p-value of the Chisq distribution (FIT_P)              : 0

Final set of parameters            Asymptotic Standard Error
=======================            ==========================
a               = 1996.01          +/- 19.2         (0.9619%)
b               = -0.631377        +/- 0.00349      (0.5527%)
c               = 0.929804         +/- 0.00181      (0.1947%)

correlation matrix of the fit parameters:
                a      b      c      
a               1.000 
b              -0.618  1.000 
c              -0.916  0.860  1.000 
