

*******************************************************************************
Mon Sep 22 15:33:18 2025


FIT:    data read from datafile using 1:3:(1/$1**h)
        format = x:z:s
        #datapoints = 18
function used for fitting: f(x)
	f(x)=(a/(b+x))**c
fitted parameters initialized with current variable values

iter      chisq       delta/lim  lambda   a             b             c            
   0 1.1773862885e+09   0.00e+00  7.82e+02    1.000000e+03   1.000000e+00   1.000000e+00
2834 4.7116305984e+07  -1.00e+00  7.82e+01    1.838564e+02   1.338037e+02   3.117770e+01

After 2834 iterations the fit converged.
final sum of squares of residuals : 4.71163e+07
rel. change during last iteration : -9.99594e-06

degrees of freedom    (FIT_NDF)                        : 15
rms of residuals      (FIT_STDFIT) = sqrt(WSSR/ndf)    : 1772.31
variance of residuals (reduced chisquare) = WSSR/ndf   : 3.14109e+06
p-value of the Chisq distribution (FIT_P)              : 0

Final set of parameters            Asymptotic Standard Error
=======================            ==========================
a               = 183.856          +/- 788.3        (428.7%)
b               = 133.804          +/- 845.2        (631.7%)
c               = 31.1777          +/- 181.6        (582.6%)

correlation matrix of the fit parameters:
                a      b      c      
a               1.000 
b               1.000  1.000 
c               1.000  1.000  1.000 
