

*******************************************************************************
Mon Sep 22 15:33:17 2025


FIT:    data read from datafile using 1:3:(1/$1**h)
        format = x:z:s
        #datapoints = 24
function used for fitting: f(x)
	f(x)=(a/(b+x))**c
fitted parameters initialized with current variable values

iter      chisq       delta/lim  lambda   a             b             c            
   0 1.3552849292e+09   0.00e+00  6.89e+02    1.000000e+03   1.000000e+00   1.000000e+00
1920 4.9847563489e+07  -1.00e+00  6.89e+01    1.343856e+02   9.977750e+01   3.465986e+01

After 1920 iterations the fit converged.
final sum of squares of residuals : 4.98476e+07
rel. change during last iteration : -9.9983e-06

degrees of freedom    (FIT_NDF)                        : 21
rms of residuals      (FIT_STDFIT) = sqrt(WSSR/ndf)    : 1540.68
variance of residuals (reduced chisquare) = WSSR/ndf   : 2.37369e+06
p-value of the Chisq distribution (FIT_P)              : 0

Final set of parameters            Asymptotic Standard Error
=======================            ==========================
a               = 134.386          +/- 447.6        (333.1%)
b               = 99.7775          +/- 478.3        (479.3%)
c               = 34.6599          +/- 152.8        (440.7%)

correlation matrix of the fit parameters:
                a      b      c      
a               1.000 
b               1.000  1.000 
c               1.000  1.000  1.000 
