

*******************************************************************************
Mon Sep 22 15:33:17 2025


FIT:    data read from datafile using 1:3:(1/$1**h)
        format = x:z:s
        #datapoints = 1073
function used for fitting: f(x)
	f(x)=(a/(b+x))**c
fitted parameters initialized with current variable values

iter      chisq       delta/lim  lambda   a             b             c            
   0 4.6352571200e+08   0.00e+00  1.08e+02    1.000000e+03   1.000000e+00   1.000000e+00
 106 3.1923279830e+06  -2.02e-04  1.08e-01    7.222366e+02  -6.434124e-01   1.309055e+00

After 106 iterations the fit converged.
final sum of squares of residuals : 3.19233e+06
rel. change during last iteration : -2.02265e-09

degrees of freedom    (FIT_NDF)                        : 1070
rms of residuals      (FIT_STDFIT) = sqrt(WSSR/ndf)    : 54.6213
variance of residuals (reduced chisquare) = WSSR/ndf   : 2983.48
p-value of the Chisq distribution (FIT_P)              : 0

Final set of parameters            Asymptotic Standard Error
=======================            ==========================
a               = 722.237          +/- 36.75        (5.088%)
b               = -0.643412        +/- 0.00899      (1.397%)
c               = 1.30906          +/- 0.01264      (0.9658%)

correlation matrix of the fit parameters:
                a      b      c      
a               1.000 
b              -0.873  1.000 
c              -0.987  0.940  1.000 
