

*******************************************************************************
Mon Oct  6 10:34:33 2025


FIT:    data read from datafile using 1:3:(1/$1**h)
        format = x:z:s
        #datapoints = 18
function used for fitting: f(x)
	f(x)=(a/(b+x))**c
fitted parameters initialized with current variable values

iter      chisq       delta/lim  lambda   a             b             c            
   0 4.5664596149e+09   0.00e+00  1.43e+05    1.000000e+05   1.000000e+00   1.000000e+00
1183 6.9821474732e+07  -7.31e-01  1.43e+01    1.247240e+02   6.847666e+01   1.690636e+01

After 1183 iterations the fit converged.
final sum of squares of residuals : 6.98215e+07
rel. change during last iteration : -7.3083e-06

degrees of freedom    (FIT_NDF)                        : 15
rms of residuals      (FIT_STDFIT) = sqrt(WSSR/ndf)    : 2157.49
variance of residuals (reduced chisquare) = WSSR/ndf   : 4.65476e+06
p-value of the Chisq distribution (FIT_P)              : 0

Final set of parameters            Asymptotic Standard Error
=======================            ==========================
a               = 124.724          +/- 185.1        (148.4%)
b               = 68.4767          +/- 229.9        (335.7%)
c               = 16.9064          +/- 51.23        (303%)

correlation matrix of the fit parameters:
                a      b      c      
a               1.000 
b               1.000  1.000 
c               0.998  1.000  1.000 
