

*******************************************************************************
Mon Sep 22 15:33:19 2025


FIT:    data read from datafile using 1:3:(1/$1**h)
        format = x:z:s
        #datapoints = 26
function used for fitting: f(x)
	f(x)=(a/(b+x))**c
fitted parameters initialized with current variable values

iter      chisq       delta/lim  lambda   a             b             c            
   0 1.9662976624e+09   0.00e+00  6.64e+02    1.000000e+03   1.000000e+00   1.000000e+00
1450 5.9125693757e+07  -1.00e+00  6.64e+01    1.180687e+02   8.119135e+01   2.803233e+01

After 1450 iterations the fit converged.
final sum of squares of residuals : 5.91257e+07
rel. change during last iteration : -9.99965e-06

degrees of freedom    (FIT_NDF)                        : 23
rms of residuals      (FIT_STDFIT) = sqrt(WSSR/ndf)    : 1603.33
variance of residuals (reduced chisquare) = WSSR/ndf   : 2.57068e+06
p-value of the Chisq distribution (FIT_P)              : 0

Final set of parameters            Asymptotic Standard Error
=======================            ==========================
a               = 118.069          +/- 245.1        (207.6%)
b               = 81.1913          +/- 267          (328.9%)
c               = 28.0323          +/- 84.48        (301.4%)

correlation matrix of the fit parameters:
                a      b      c      
a               1.000 
b               1.000  1.000 
c               1.000  1.000  1.000 
